2015-12-17 16:46:04 INFO  DefaultTestContextBootstrapper:256 - Loaded default TestExecutionListener class names from location [META-INF/spring.factories]: [org.springframework.test.context.web.ServletTestExecutionListener, org.springframework.test.context.support.DependencyInjectionTestExecutionListener, org.springframework.test.context.support.DirtiesContextTestExecutionListener, org.springframework.test.context.transaction.TransactionalTestExecutionListener, org.springframework.test.context.jdbc.SqlScriptsTestExecutionListener]
2015-12-17 16:46:04 INFO  DefaultTestContextBootstrapper:204 - Could not instantiate TestExecutionListener [org.springframework.test.context.web.ServletTestExecutionListener]. Specify custom listener classes or make the default listener classes (and their required dependencies) available. Offending class: [javax/servlet/ServletContext]
2015-12-17 16:46:04 INFO  DefaultTestContextBootstrapper:182 - Using TestExecutionListeners: [org.springframework.test.context.support.DependencyInjectionTestExecutionListener@1324409e, org.springframework.test.context.support.DirtiesContextTestExecutionListener@2c6a3f77, org.springframework.test.context.transaction.TransactionalTestExecutionListener@246ae04d, org.springframework.test.context.jdbc.SqlScriptsTestExecutionListener@62043840]
2015-12-17 16:46:04 INFO  XmlBeanDefinitionReader:317 - Loading XML bean definitions from class path resource [SpringConf.xml]
2015-12-17 16:46:04 INFO  GenericApplicationContext:510 - Refreshing org.springframework.context.support.GenericApplicationContext@56f4468b: startup date [Thu Dec 17 16:46:04 COT 2015]; root of context hierarchy
2015-12-17 16:46:05 INFO  DriverManagerDataSource:133 - Loaded JDBC driver: com.mysql.jdbc.Driver
2015-12-17 16:46:05 INFO  Version:37 - Hibernate Commons Annotations 3.2.0.Final
2015-12-17 16:46:05 INFO  Environment:603 - Hibernate 3.6.10.Final
2015-12-17 16:46:05 INFO  Environment:636 - hibernate.properties not found
2015-12-17 16:46:05 INFO  Environment:814 - Bytecode provider name : javassist
2015-12-17 16:46:05 INFO  Environment:695 - using JDK 1.4 java.sql.Timestamp handling
2015-12-17 16:46:05 WARN  DTDEntityResolver:73 - recognized obsolete hibernate namespace http://hibernate.sourceforge.net/. Use namespace http://www.hibernate.org/dtd/ instead. Refer to Hibernate 3.6 Migration Guide!
2015-12-17 16:46:05 WARN  DTDEntityResolver:73 - recognized obsolete hibernate namespace http://hibernate.sourceforge.net/. Use namespace http://www.hibernate.org/dtd/ instead. Refer to Hibernate 3.6 Migration Guide!
2015-12-17 16:46:05 WARN  DTDEntityResolver:73 - recognized obsolete hibernate namespace http://hibernate.sourceforge.net/. Use namespace http://www.hibernate.org/dtd/ instead. Refer to Hibernate 3.6 Migration Guide!
2015-12-17 16:46:05 WARN  DTDEntityResolver:73 - recognized obsolete hibernate namespace http://hibernate.sourceforge.net/. Use namespace http://www.hibernate.org/dtd/ instead. Refer to Hibernate 3.6 Migration Guide!
2015-12-17 16:46:05 WARN  DTDEntityResolver:73 - recognized obsolete hibernate namespace http://hibernate.sourceforge.net/. Use namespace http://www.hibernate.org/dtd/ instead. Refer to Hibernate 3.6 Migration Guide!
2015-12-17 16:46:05 WARN  DTDEntityResolver:73 - recognized obsolete hibernate namespace http://hibernate.sourceforge.net/. Use namespace http://www.hibernate.org/dtd/ instead. Refer to Hibernate 3.6 Migration Guide!
2015-12-17 16:46:05 INFO  HbmBinder:353 - Mapping class: co.edu.udea.iw.dto.Administrador -> administrador
2015-12-17 16:46:05 INFO  HbmBinder:353 - Mapping class: co.edu.udea.iw.dto.Dispositivo -> dispositivo
2015-12-17 16:46:05 INFO  HbmBinder:353 - Mapping class: co.edu.udea.iw.dto.Tipo -> tipo
2015-12-17 16:46:05 INFO  HbmBinder:353 - Mapping class: co.edu.udea.iw.dto.Fallo -> fallo
2015-12-17 16:46:05 INFO  HbmBinder:353 - Mapping class: co.edu.udea.iw.dto.Prestamo -> prestamo
2015-12-17 16:46:05 INFO  HbmBinder:353 - Mapping class: co.edu.udea.iw.dto.Prestamo_has_Dispositivo -> prestamo_has_dispositivo
2015-12-17 16:46:05 INFO  Configuration:1676 - Hibernate Validator not found: ignoring
2015-12-17 16:46:05 INFO  LocalSessionFactoryBean:713 - Building new Hibernate SessionFactory
2015-12-17 16:46:05 INFO  HibernateSearchEventListenerRegister:75 - Unable to find org.hibernate.search.event.FullTextIndexEventListener on the classpath. Hibernate Search is not enabled.
2015-12-17 16:46:05 WARN  RootClass:253 - composite-id class does not override equals(): co.edu.udea.iw.dto.Prestamo_has_DispositivoId
2015-12-17 16:46:05 WARN  RootClass:258 - composite-id class does not override hashCode(): co.edu.udea.iw.dto.Prestamo_has_DispositivoId
2015-12-17 16:46:05 INFO  ConnectionProviderFactory:173 - Initializing connection provider: org.springframework.orm.hibernate3.LocalDataSourceConnectionProvider
2015-12-17 16:46:05 INFO  Dialect:136 - Using dialect: org.hibernate.dialect.MySQLDialect
2015-12-17 16:46:05 INFO  SettingsFactory:126 - Database ->
       name : MySQL
    version : 5.6.26-log
      major : 5
      minor : 6
2015-12-17 16:46:05 INFO  SettingsFactory:132 - Driver ->
       name : MySQL-AB JDBC Driver
    version : mysql-connector-java-5.1.22 ( Revision: ${bzr.revision-id} )
      major : 5
      minor : 1
2015-12-17 16:46:05 INFO  TransactionFactoryFactory:65 - Transaction strategy: org.springframework.orm.hibernate3.SpringTransactionFactory
2015-12-17 16:46:05 INFO  TransactionManagerLookupFactory:83 - No TransactionManagerLookup configured (in JTA environment, use of read-write or transactional second-level cache is not recommended)
2015-12-17 16:46:05 INFO  SettingsFactory:179 - Automatic flush during beforeCompletion(): disabled
2015-12-17 16:46:05 INFO  SettingsFactory:183 - Automatic session close at end of transaction: disabled
2015-12-17 16:46:05 INFO  SettingsFactory:190 - JDBC batch size: 15
2015-12-17 16:46:05 INFO  SettingsFactory:193 - JDBC batch updates for versioned data: disabled
2015-12-17 16:46:05 INFO  SettingsFactory:198 - Scrollable result sets: enabled
2015-12-17 16:46:05 INFO  SettingsFactory:206 - JDBC3 getGeneratedKeys(): enabled
2015-12-17 16:46:05 INFO  SettingsFactory:214 - Connection release mode: auto
2015-12-17 16:46:05 INFO  SettingsFactory:238 - Maximum outer join fetch depth: 2
2015-12-17 16:46:05 INFO  SettingsFactory:241 - Default batch fetch size: 1
2015-12-17 16:46:05 INFO  SettingsFactory:245 - Generate SQL with comments: disabled
2015-12-17 16:46:05 INFO  SettingsFactory:249 - Order SQL updates by primary key: disabled
2015-12-17 16:46:05 INFO  SettingsFactory:253 - Order SQL inserts for batching: disabled
2015-12-17 16:46:05 INFO  SettingsFactory:431 - Query translator: org.hibernate.hql.ast.ASTQueryTranslatorFactory
2015-12-17 16:46:05 INFO  ASTQueryTranslatorFactory:47 - Using ASTQueryTranslatorFactory
2015-12-17 16:46:05 INFO  SettingsFactory:261 - Query language substitutions: {}
2015-12-17 16:46:05 INFO  SettingsFactory:266 - JPA-QL strict compliance: disabled
2015-12-17 16:46:05 INFO  SettingsFactory:271 - Second-level cache: enabled
2015-12-17 16:46:05 INFO  SettingsFactory:275 - Query cache: disabled
2015-12-17 16:46:05 INFO  SettingsFactory:406 - Cache region factory : org.hibernate.cache.impl.NoCachingRegionFactory
2015-12-17 16:46:05 INFO  SettingsFactory:285 - Optimize cache for minimal puts: disabled
2015-12-17 16:46:05 INFO  SettingsFactory:294 - Structured second-level cache entries: disabled
2015-12-17 16:46:05 INFO  SettingsFactory:314 - Echoing all SQL to stdout
2015-12-17 16:46:05 INFO  SettingsFactory:323 - Statistics: disabled
2015-12-17 16:46:05 INFO  SettingsFactory:327 - Deleted entity synthetic identifier rollback: disabled
2015-12-17 16:46:05 INFO  SettingsFactory:343 - Default entity-mode: pojo
2015-12-17 16:46:05 INFO  SettingsFactory:347 - Named query checking : enabled
2015-12-17 16:46:05 INFO  SettingsFactory:351 - Check Nullability in Core (should be disabled when Bean Validation is on): disabled
2015-12-17 16:46:05 INFO  SessionFactoryImpl:202 - building session factory
2015-12-17 16:46:05 INFO  BasicTypeRegistry:150 - Type registration [wrapper_characters_clob] overrides previous : org.hibernate.type.CharacterArrayClobType@17503f6b
2015-12-17 16:46:05 INFO  BasicTypeRegistry:150 - Type registration [clob] overrides previous : org.hibernate.type.ClobType@3bcd05cb
2015-12-17 16:46:05 INFO  BasicTypeRegistry:150 - Type registration [java.sql.Clob] overrides previous : org.hibernate.type.ClobType@3bcd05cb
2015-12-17 16:46:05 INFO  BasicTypeRegistry:150 - Type registration [characters_clob] overrides previous : org.hibernate.type.PrimitiveCharacterArrayClobType@3b6d844d
2015-12-17 16:46:05 INFO  BasicTypeRegistry:150 - Type registration [materialized_blob] overrides previous : org.hibernate.type.MaterializedBlobType@36804139
2015-12-17 16:46:05 INFO  BasicTypeRegistry:150 - Type registration [materialized_clob] overrides previous : org.hibernate.type.MaterializedClobType@20bd8be5
2015-12-17 16:46:05 INFO  BasicTypeRegistry:150 - Type registration [wrapper_materialized_blob] overrides previous : org.hibernate.type.WrappedMaterializedBlobType@730d2164
2015-12-17 16:46:05 INFO  BasicTypeRegistry:150 - Type registration [blob] overrides previous : org.hibernate.type.BlobType@24959ca4
2015-12-17 16:46:05 INFO  BasicTypeRegistry:150 - Type registration [java.sql.Blob] overrides previous : org.hibernate.type.BlobType@24959ca4
2015-12-17 16:46:05 INFO  SessionFactoryObjectFactory:105 - Not binding factory to JNDI, no JNDI name configured
2015-12-17 16:46:06 INFO  GenericApplicationContext:862 - Closing org.springframework.context.support.GenericApplicationContext@56f4468b: startup date [Thu Dec 17 16:46:04 COT 2015]; root of context hierarchy
2015-12-17 16:46:06 INFO  LocalSessionFactoryBean:225 - Closing Hibernate SessionFactory
2015-12-17 16:46:06 INFO  SessionFactoryImpl:927 - closing
